<?xml version="1.0" encoding="UTF-8"?>
<!-- Generated by org.testng.reporters.JUnitReportReporter -->
<testsuite hostname="Aina" failures="0" tests="1" name="com.restassured.tests.GetAndPostTests" time="2.300" errors="0" timestamp="2023-05-31T09:49:55 EDT" skipped="0">
  <testcase classname="com.restassured.tests.GetAndPostTests" name="testPostreq" time="2.300"/>
  <system-out/>
</testsuite> <!-- com.restassured.tests.GetAndPostTests -->
