<?xml version="1.0" encoding="UTF-8"?>
<!-- Generated by org.testng.reporters.JUnitReportReporter -->
<testsuite hostname="Aina" failures="0" tests="1" name="com.restassured.tests.DataDriven_ownRestApiExamples" time="1.716" errors="0" timestamp="2023-06-12T11:43:07 EDT" skipped="0">
  <testcase classname="com.restassured.tests.DataDriven_ownRestApiExamples" name="testDelete2" time="1.716"/>
  <system-out/>
</testsuite> <!-- com.restassured.tests.DataDriven_ownRestApiExamples -->
