<?xml version="1.0" encoding="UTF-8"?>
<!-- Generated by org.testng.reporters.JUnitReportReporter -->
<testsuite hostname="Aina" failures="0" tests="1" name="com.restassured.tests.ownRestApi_Get" time="1.662" errors="0" timestamp="2023-06-12T08:52:00 EDT" skipped="0">
  <testcase classname="com.restassured.tests.ownRestApi_Get" name="testDelete" time="1.662"/>
  <system-out/>
</testsuite> <!-- com.restassured.tests.ownRestApi_Get -->
