<?xml version="1.0" encoding="UTF-8"?>
<!-- Generated by org.testng.reporters.JUnitReportReporter -->
<testsuite hostname="Aina" failures="0" tests="1" name="com.restassured.tests.PutPatchDeleteTest" time="1.978" errors="0" timestamp="2023-05-31T10:53:02 EDT" skipped="0">
  <testcase classname="com.restassured.tests.PutPatchDeleteTest" name="testDelete" time="1.978"/>
  <system-out/>
</testsuite> <!-- com.restassured.tests.PutPatchDeleteTest -->
