<?xml version="1.0" encoding="UTF-8"?>
<!-- Generated by org.testng.reporters.JUnitReportReporter -->
<testsuite hostname="Aina" failures="0" tests="1" name="com.restassured.testcases.Get_Request_Restassured" time="5.338" errors="0" timestamp="2023-05-30T10:30:37 EDT" skipped="0">
  <testcase classname="com.restassured.testcases.Get_Request_Restassured" name="testgetrequest" time="5.338"/>
  <system-out/>
</testsuite> <!-- com.restassured.testcases.Get_Request_Restassured -->
