<?xml version="1.0" encoding="UTF-8"?>
<!-- Generated by org.testng.reporters.JUnitReportReporter -->
<testsuite hostname="Aina" failures="0" tests="1" name="com.restassured.testcases.testOne" time="1.752" errors="0" timestamp="2023-05-31T10:11:52 EDT" skipped="0">
  <testcase classname="com.restassured.testcases.testOne" name="test_2" time="1.752"/>
  <system-out/>
</testsuite> <!-- com.restassured.testcases.testOne -->
